<?xml version="1.0" encoding="UTF-8"?>
<!-- Generated by org.testng.reporters.JUnitReportReporter -->
<testsuite name="org.Tests.Altro" tests="2" time="27.596" ignored="0" failures="0" timestamp="02 Mar 2023 14:19:51 GMT" skipped="0" hostname="DESKTOP-EOECCVL" errors="0">
  <testcase name="test3" time="22.552" classname="org.Tests.Altro"/>
  <testcase name="test" time="5.044" classname="org.Tests.Altro"/>
</testsuite> <!-- org.Tests.Altro -->
